2025-09-18 15:01:48,099 - INFO - ­Ъџђ UltraMassiveClickerтѕЮТюЪтїќ
2025-09-18 15:01:48,099 - INFO -    уЏ«ТеЎ: 100,000сѓ»сЃфсЃЃсѓ»
2025-09-18 15:01:48,099 - INFO -    сЃ»сЃ╝сѓФсЃ╝: 12
2025-09-18 15:01:48,099 - INFO - ­Ъџђ 10СИЄсѓ»сЃфсЃЃсѓ»жќІтДІ
2025-09-18 15:01:48,099 - INFO - ­Ъџђ сѓдсЃФсЃѕсЃЕтцДУдЈТеАсѓ»сЃфсЃЃсѓ»жќІтДІ: 100,000сѓ»сЃфсЃЃсѓ»
2025-09-18 15:01:48,099 - INFO - ­ЪДх 12сЃ»сЃ╝сѓФсЃ╝жќІтДІ (тљё8,333сѓ»сЃфсЃЃсѓ»)
2025-09-18 15:01:48,100 - INFO - ====== WebDriver manager ======
2025-09-18 15:01:48,100 - INFO - ====== WebDriver manager ======
2025-09-18 15:01:48,102 - INFO - ====== WebDriver manager ======
2025-09-18 15:01:48,112 - INFO - ====== WebDriver manager ======
2025-09-18 15:01:48,115 - INFO - ====== WebDriver manager ======
2025-09-18 15:01:48,119 - INFO - ====== WebDriver manager ======
2025-09-18 15:01:48,121 - INFO - ====== WebDriver manager ======
2025-09-18 15:01:48,151 - INFO - ====== WebDriver manager ======
2025-09-18 15:01:48,163 - INFO - ====== WebDriver manager ======
2025-09-18 15:01:48,177 - INFO - ====== WebDriver manager ======
2025-09-18 15:01:48,198 - INFO - ====== WebDriver manager ======
2025-09-18 15:01:48,317 - INFO - ====== WebDriver manager ======
2025-09-18 15:01:48,597 - INFO - Get LATEST chromedriver version for google-chrome
2025-09-18 15:01:48,701 - INFO - Get LATEST chromedriver version for google-chrome
2025-09-18 15:01:48,785 - INFO - Get LATEST chromedriver version for google-chrome
2025-09-18 15:01:48,854 - INFO - Get LATEST chromedriver version for google-chrome
2025-09-18 15:01:48,860 - INFO - Get LATEST chromedriver version for google-chrome
2025-09-18 15:01:48,868 - INFO - Get LATEST chromedriver version for google-chrome
2025-09-18 15:01:48,900 - INFO - Get LATEST chromedriver version for google-chrome
2025-09-18 15:01:48,903 - INFO - Get LATEST chromedriver version for google-chrome
2025-09-18 15:01:48,915 - INFO - Get LATEST chromedriver version for google-chrome
2025-09-18 15:01:48,930 - INFO - Get LATEST chromedriver version for google-chrome
2025-09-18 15:01:48,943 - INFO - Get LATEST chromedriver version for google-chrome
2025-09-18 15:01:48,950 - INFO - Driver [/root/.wdm/drivers/chromedriver/linux64/140.0.7339.185/chromedriver-linux64/THIRD_PARTY_NOTICES.chromedriver] found in cache
2025-09-18 15:01:48,953 - INFO - Driver [/root/.wdm/drivers/chromedriver/linux64/140.0.7339.185/chromedriver-linux64/THIRD_PARTY_NOTICES.chromedriver] found in cache
2025-09-18 15:01:48,957 - INFO - Get LATEST chromedriver version for google-chrome
2025-09-18 15:01:48,962 - INFO - Get LATEST chromedriver version for google-chrome
2025-09-18 15:01:48,964 - INFO - Get LATEST chromedriver version for google-chrome
2025-09-18 15:01:48,974 - INFO - Get LATEST chromedriver version for google-chrome
2025-09-18 15:01:48,982 - INFO - Get LATEST chromedriver version for google-chrome
2025-09-18 15:01:48,992 - INFO - Driver [/root/.wdm/drivers/chromedriver/linux64/140.0.7339.185/chromedriver-linux64/THIRD_PARTY_NOTICES.chromedriver] found in cache
2025-09-18 15:01:48,995 - INFO - Get LATEST chromedriver version for google-chrome
2025-09-18 15:01:49,001 - INFO - Get LATEST chromedriver version for google-chrome
2025-09-18 15:01:49,022 - INFO - Get LATEST chromedriver version for google-chrome
2025-09-18 15:01:49,055 - INFO - Get LATEST chromedriver version for google-chrome
2025-09-18 15:01:49,100 - INFO - Get LATEST chromedriver version for google-chrome
2025-09-18 15:01:49,153 - INFO - Driver [/root/.wdm/drivers/chromedriver/linux64/140.0.7339.185/chromedriver-linux64/THIRD_PARTY_NOTICES.chromedriver] found in cache
2025-09-18 15:01:49,179 - INFO - Get LATEST chromedriver version for google-chrome
2025-09-18 15:01:49,202 - INFO - Get LATEST chromedriver version for google-chrome
2025-09-18 15:01:49,207 - INFO - Driver [/root/.wdm/drivers/chromedriver/linux64/140.0.7339.185/chromedriver-linux64/THIRD_PARTY_NOTICES.chromedriver] found in cache
2025-09-18 15:01:49,228 - INFO - Get LATEST chromedriver version for google-chrome
2025-09-18 15:01:49,245 - INFO - Driver [/root/.wdm/drivers/chromedriver/linux64/140.0.7339.185/chromedriver-linux64/THIRD_PARTY_NOTICES.chromedriver] found in cache
2025-09-18 15:01:49,292 - INFO - Driver [/root/.wdm/drivers/chromedriver/linux64/140.0.7339.185/chromedriver-linux64/THIRD_PARTY_NOTICES.chromedriver] found in cache
2025-09-18 15:01:49,346 - INFO - Driver [/root/.wdm/drivers/chromedriver/linux64/140.0.7339.185/chromedriver-linux64/THIRD_PARTY_NOTICES.chromedriver] found in cache
2025-09-18 15:01:49,401 - INFO - Driver [/root/.wdm/drivers/chromedriver/linux64/140.0.7339.185/chromedriver-linux64/THIRD_PARTY_NOTICES.chromedriver] found in cache
2025-09-18 15:01:49,478 - INFO - Driver [/root/.wdm/drivers/chromedriver/linux64/140.0.7339.185/chromedriver-linux64/THIRD_PARTY_NOTICES.chromedriver] found in cache
2025-09-18 15:01:49,560 - INFO - Driver [/root/.wdm/drivers/chromedriver/linux64/140.0.7339.185/chromedriver-linux64/THIRD_PARTY_NOTICES.chromedriver] found in cache
2025-09-18 15:01:49,727 - INFO - Driver [/root/.wdm/drivers/chromedriver/linux64/140.0.7339.185/chromedriver-linux64/THIRD_PARTY_NOTICES.chromedriver] found in cache
2025-09-18 15:01:53,119 - INFO - ­ЪЊі CPU 90%, сЃАсЃбсЃф 34%
2025-09-18 15:01:58,253 - INFO - ­ЪЊі CPU 100%, сЃАсЃбсЃф 37%
2025-09-18 15:02:03,261 - INFO - ­ЪЊі CPU 94%, сЃАсЃбсЃф 38%
2025-09-18 15:02:08,291 - INFO - ­ЪЊі CPU 90%, сЃАсЃбсЃф 39%
2025-09-18 15:02:13,320 - INFO - ­ЪЊі CPU 88%, сЃАсЃбсЃф 39%
2025-09-18 15:02:22,027 - INFO - ­ЪЊі CPU 80%, сЃАсЃбсЃф 39%
2025-09-18 15:02:27,033 - INFO - ­ЪЊі CPU 94%, сЃАсЃбсЃф 39%
2025-09-18 15:02:32,052 - INFO - ­ЪЊі CPU 82%, сЃАсЃбсЃф 39%
2025-09-18 15:02:37,068 - INFO - ­ЪЊі CPU 81%, сЃАсЃбсЃф 39%
2025-09-18 15:02:42,079 - INFO - ­ЪЊі CPU 77%, сЃАсЃбсЃф 39%
2025-09-18 15:02:47,098 - INFO - ­ЪЊі CPU 80%, сЃАсЃбсЃф 39%
2025-09-18 15:02:52,119 - INFO - ­ЪЊі CPU 80%, сЃАсЃбсЃф 39%
2025-09-18 15:03:00,724 - INFO - ­ЪЊі CPU 77%, сЃАсЃбсЃф 39%
2025-09-18 15:03:05,744 - INFO - ­ЪЊі CPU 92%, сЃАсЃбсЃф 39%
2025-09-18 15:03:10,748 - INFO - ­ЪЊі CPU 96%, сЃАсЃбсЃф 39%
2025-09-18 15:03:15,763 - INFO - ­ЪЊі CPU 89%, сЃАсЃбсЃф 39%
2025-09-18 15:03:20,770 - INFO - ­ЪЊі CPU 80%, сЃАсЃбсЃф 39%
2025-09-18 15:03:25,788 - INFO - ­ЪЊі CPU 79%, сЃАсЃбсЃф 39%
2025-09-18 15:03:30,835 - INFO - ­ЪЊі CPU 77%, сЃАсЃбсЃф 39%
2025-09-18 15:03:39,624 - INFO - ­ЪЊі CPU 77%, сЃАсЃбсЃф 39%
2025-09-18 15:03:42,414 - INFO - РџА Worker-1: 1,000/8,333 (10/sec)
2025-09-18 15:03:43,530 - INFO - РџА Worker-3: 1,000/8,333 (10/sec)
2025-09-18 15:03:44,634 - INFO - ­Ъј» жђ▓ТЇЌ: 2,000/100,000 (2.0%) | 17/sec | Т«Ісѓі95.2тѕє
2025-09-18 15:03:44,635 - INFO - ­ЪЊі CPU 75%, сЃАсЃбсЃф 39%
2025-09-18 15:03:46,573 - INFO - РџА Worker-9: 1,000/8,333 (10/sec)
2025-09-18 15:03:47,840 - INFO - РџА Worker-4: 1,000/8,333 (9/sec)
2025-09-18 15:03:48,190 - INFO - РџА Worker-11: 1,000/8,333 (9/sec)
2025-09-18 15:03:48,381 - INFO - РџА Worker-0: 1,000/8,333 (9/sec)
2025-09-18 15:03:49,470 - INFO - РџА Worker-8: 1,000/8,333 (9/sec)
2025-09-18 15:03:49,713 - INFO - ­Ъј» жђ▓ТЇЌ: 7,000/100,000 (7.0%) | 58/sec | Т«Ісѓі26.9тѕє
2025-09-18 15:03:49,715 - INFO - ­ЪЊі CPU 76%, сЃАсЃбсЃф 39%
2025-09-18 15:03:49,913 - INFO - РџА Worker-2: 1,000/8,333 (9/sec)
2025-09-18 15:03:51,983 - INFO - РџА Worker-5: 1,000/8,333 (9/sec)
2025-09-18 15:03:52,618 - INFO - РџА Worker-10: 1,000/8,333 (9/sec)
2025-09-18 15:03:52,853 - INFO - РџА Worker-7: 1,000/8,333 (9/sec)
2025-09-18 15:03:54,724 - INFO - ­Ъј» жђ▓ТЇЌ: 11,000/100,000 (11.0%) | 87/sec | Т«Ісѓі17.1тѕє
2025-09-18 15:03:54,724 - INFO - ­ЪЊі CPU 72%, сЃАсЃбсЃф 39%
2025-09-18 15:03:56,021 - INFO - РџА Worker-6: 1,000/8,333 (8/sec)
2025-09-18 15:03:59,729 - INFO - ­Ъј» жђ▓ТЇЌ: 12,000/100,000 (12.0%) | 91/sec | Т«Ісѓі16.1тѕє
2025-09-18 15:03:59,729 - INFO - ­ЪЊі CPU 74%, сЃАсЃбсЃф 39%
2025-09-18 15:04:04,745 - INFO - ­Ъј» жђ▓ТЇЌ: 12,000/100,000 (12.0%) | 88/sec | Т«Ісѓі16.7тѕє
2025-09-18 15:04:04,745 - INFO - ­ЪЊі CPU 82%, сЃАсЃбсЃф 39%
2025-09-18 15:04:09,757 - INFO - ­Ъј» жђ▓ТЇЌ: 12,000/100,000 (12.0%) | 85/sec | Т«Ісѓі17.3тѕє
2025-09-18 15:04:09,757 - INFO - ­ЪЊі CPU 84%, сЃАсЃбсЃф 39%
2025-09-18 15:04:18,846 - INFO - ­Ъј» жђ▓ТЇЌ: 12,000/100,000 (12.0%) | 80/sec | Т«Ісѓі18.4тѕє
2025-09-18 15:04:18,846 - INFO - ­ЪЊі CPU 72%, сЃАсЃбсЃф 39%
2025-09-18 15:04:23,862 - INFO - ­Ъј» жђ▓ТЇЌ: 12,000/100,000 (12.0%) | 77/sec | Т«Ісѓі19.0тѕє
2025-09-18 15:04:23,863 - INFO - ­ЪЊі CPU 82%, сЃАсЃбсЃф 39%
2025-09-18 15:04:28,907 - INFO - ­Ъј» жђ▓ТЇЌ: 12,000/100,000 (12.0%) | 75/sec | Т«Ісѓі19.7тѕє
2025-09-18 15:04:28,918 - INFO - ­ЪЊі CPU 73%, сЃАсЃбсЃф 39%
2025-09-18 15:04:33,930 - INFO - ­Ъј» жђ▓ТЇЌ: 12,000/100,000 (12.0%) | 72/sec | Т«Ісѓі20.3тѕє
2025-09-18 15:04:33,931 - INFO - ­ЪЊі CPU 68%, сЃАсЃбсЃф 39%
2025-09-18 15:04:38,940 - INFO - ­Ъј» жђ▓ТЇЌ: 12,000/100,000 (12.0%) | 70/sec | Т«Ісѓі20.9тѕє
2025-09-18 15:04:38,941 - INFO - ­ЪЊі CPU 71%, сЃАсЃбсЃф 39%
2025-09-18 15:04:43,963 - INFO - ­Ъј» жђ▓ТЇЌ: 12,000/100,000 (12.0%) | 68/sec | Т«Ісѓі21.5тѕє
2025-09-18 15:04:43,995 - INFO - ­ЪЊі CPU 73%, сЃАсЃбсЃф 39%
2025-09-18 15:04:52,606 - INFO - ­Ъј» жђ▓ТЇЌ: 12,000/100,000 (12.0%) | 65/sec | Т«Ісѓі22.6тѕє
2025-09-18 15:04:52,607 - INFO - ­ЪЊі CPU 65%, сЃАсЃбсЃф 39%
2025-09-18 15:04:57,620 - INFO - ­Ъј» жђ▓ТЇЌ: 12,000/100,000 (12.0%) | 63/sec | Т«Ісѓі23.2тѕє
2025-09-18 15:04:57,636 - INFO - ­ЪЊі CPU 73%, сЃАсЃбсЃф 39%
2025-09-18 15:05:02,640 - INFO - ­Ъј» жђ▓ТЇЌ: 12,000/100,000 (12.0%) | 62/sec | Т«Ісѓі23.8тѕє
2025-09-18 15:05:02,651 - INFO - ­ЪЊі CPU 65%, сЃАсЃбсЃф 39%
2025-09-18 15:05:07,654 - INFO - ­Ъј» жђ▓ТЇЌ: 12,000/100,000 (12.0%) | 60/sec | Т«Ісѓі24.4тѕє
2025-09-18 15:05:07,655 - INFO - ­ЪЊі CPU 72%, сЃАсЃбсЃф 39%
2025-09-18 15:05:12,764 - INFO - ­Ъј» жђ▓ТЇЌ: 12,000/100,000 (12.0%) | 59/sec | Т«Ісѓі25.0тѕє
2025-09-18 15:05:12,764 - INFO - ­ЪЊі CPU 80%, сЃАсЃбсЃф 39%
2025-09-18 15:05:17,801 - INFO - ­Ъј» жђ▓ТЇЌ: 12,000/100,000 (12.0%) | 57/sec | Т«Ісѓі25.6тѕє
2025-09-18 15:05:17,801 - INFO - ­ЪЊі CPU 99%, сЃАсЃбсЃф 39%
2025-09-18 15:05:22,832 - INFO - ­Ъј» жђ▓ТЇЌ: 12,000/100,000 (12.0%) | 56/sec | Т«Ісѓі26.2тѕє
2025-09-18 15:05:22,836 - INFO - ­ЪЊі CPU 80%, сЃАсЃбсЃф 39%
2025-09-18 15:05:31,474 - INFO - ­Ъј» жђ▓ТЇЌ: 12,000/100,000 (12.0%) | 54/sec | Т«Ісѓі27.3тѕє
2025-09-18 15:05:31,474 - INFO - ­ЪЊі CPU 75%, сЃАсЃбсЃф 39%
2025-09-18 15:05:36,479 - INFO - ­Ъј» жђ▓ТЇЌ: 12,000/100,000 (12.0%) | 53/sec | Т«Ісѓі27.9тѕє
2025-09-18 15:05:36,486 - INFO - ­ЪЊі CPU 77%, сЃАсЃбсЃф 39%
2025-09-18 15:05:41,529 - INFO - ­Ъј» жђ▓ТЇЌ: 12,000/100,000 (12.0%) | 51/sec | Т«Ісѓі28.5тѕє
2025-09-18 15:05:41,568 - INFO - ­ЪЊі CPU 70%, сЃАсЃбсЃф 39%
2025-09-18 15:05:46,576 - INFO - ­Ъј» жђ▓ТЇЌ: 12,000/100,000 (12.0%) | 50/sec | Т«Ісѓі29.1тѕє
2025-09-18 15:05:46,586 - INFO - ­ЪЊі CPU 73%, сЃАсЃбсЃф 39%
2025-09-18 15:05:48,097 - INFO - РџА Worker-3: 2,000/8,333 (9/sec)
2025-09-18 15:05:48,888 - INFO - РџА Worker-1: 2,000/8,333 (9/sec)
2025-09-18 15:05:50,312 - INFO - РџА Worker-9: 2,000/8,333 (9/sec)
2025-09-18 15:05:51,591 - INFO - ­Ъј» жђ▓ТЇЌ: 15,000/100,000 (15.0%) | 62/sec | Т«Ісѓі23.0тѕє
2025-09-18 15:05:51,592 - INFO - ­ЪЊі CPU 73%, сЃАсЃбсЃф 39%
2025-09-18 15:05:56,598 - INFO - ­Ъј» жђ▓ТЇЌ: 15,000/100,000 (15.0%) | 60/sec | Т«Ісѓі23.5тѕє
2025-09-18 15:05:56,622 - INFO - ­ЪЊі CPU 72%, сЃАсЃбсЃф 39%
2025-09-18 15:05:58,147 - INFO - РџА Worker-8: 2,000/8,333 (8/sec)
2025-09-18 15:06:05,228 - INFO - ­Ъј» жђ▓ТЇЌ: 16,000/100,000 (16.0%) | 62/sec | Т«Ісѓі22.5тѕє
2025-09-18 15:06:05,248 - INFO - ­ЪЊі CPU 74%, сЃАсЃбсЃф 39%
2025-09-18 15:06:08,176 - INFO - РџА Worker-11: 2,000/8,333 (8/sec)
2025-09-18 15:06:10,252 - INFO - ­Ъј» жђ▓ТЇЌ: 17,000/100,000 (17.0%) | 65/sec | Т«Ісѓі21.3тѕє
2025-09-18 15:06:10,252 - INFO - ­ЪЊі CPU 74%, сЃАсЃбсЃф 39%
2025-09-18 15:06:10,629 - INFO - РџА Worker-4: 2,000/8,333 (8/sec)
2025-09-18 15:06:11,781 - INFO - РџА Worker-7: 2,000/8,333 (8/sec)
2025-09-18 15:06:13,269 - INFO - РџА Worker-5: 2,000/8,333 (8/sec)
2025-09-18 15:06:15,033 - INFO - РџА Worker-0: 2,000/8,333 (8/sec)
2025-09-18 15:06:15,264 - INFO - ­Ъј» жђ▓ТЇЌ: 21,000/100,000 (21.0%) | 79/sec | Т«Ісѓі16.8тѕє
2025-09-18 15:06:15,271 - INFO - ­ЪЊі CPU 72%, сЃАсЃбсЃф 39%
2025-09-18 15:06:16,532 - INFO - РџА Worker-10: 2,000/8,333 (8/sec)
2025-09-18 15:06:16,876 - INFO - РџА Worker-2: 2,000/8,333 (8/sec)
2025-09-18 15:06:20,319 - INFO - ­Ъј» жђ▓ТЇЌ: 23,000/100,000 (23.0%) | 84/sec | Т«Ісѓі15.2тѕє
2025-09-18 15:06:20,333 - INFO - ­ЪЊі CPU 74%, сЃАсЃбсЃф 39%
2025-09-18 15:06:24,041 - INFO - РџА Worker-6: 2,000/8,333 (8/sec)
2025-09-18 15:06:25,336 - INFO - ­Ъј» жђ▓ТЇЌ: 24,000/100,000 (24.0%) | 87/sec | Т«Ісѓі14.6тѕє
2025-09-18 15:06:25,336 - INFO - ­ЪЊі CPU 74%, сЃАсЃбсЃф 39%
2025-09-18 15:06:30,343 - INFO - ­Ъј» жђ▓ТЇЌ: 24,000/100,000 (24.0%) | 85/sec | Т«Ісѓі14.9тѕє
2025-09-18 15:06:30,343 - INFO - ­ЪЊі CPU 72%, сЃАсЃбсЃф 39%
2025-09-18 15:06:35,348 - INFO - ­Ъј» жђ▓ТЇЌ: 24,000/100,000 (24.0%) | 84/sec | Т«Ісѓі15.2тѕє
2025-09-18 15:06:35,353 - INFO - ­ЪЊі CPU 76%, сЃАсЃбсЃф 39%
2025-09-18 15:06:43,949 - INFO - ­Ъј» жђ▓ТЇЌ: 24,000/100,000 (24.0%) | 81/sec | Т«Ісѓі15.6тѕє
2025-09-18 15:06:43,958 - INFO - ­ЪЊі CPU 76%, сЃАсЃбсЃф 39%
2025-09-18 15:06:48,983 - INFO - ­Ъј» жђ▓ТЇЌ: 24,000/100,000 (24.0%) | 80/sec | Т«Ісѓі15.9тѕє
2025-09-18 15:06:48,983 - INFO - ­ЪЊі CPU 74%, сЃАсЃбсЃф 39%
2025-09-18 15:06:53,988 - INFO - ­Ъј» жђ▓ТЇЌ: 24,000/100,000 (24.0%) | 78/sec | Т«Ісѓі16.1тѕє
2025-09-18 15:06:53,994 - INFO - ­ЪЊі CPU 77%, сЃАсЃбсЃф 39%
2025-09-18 15:06:59,003 - INFO - ­Ъј» жђ▓ТЇЌ: 24,000/100,000 (24.0%) | 77/sec | Т«Ісѓі16.4тѕє
2025-09-18 15:06:59,034 - INFO - ­ЪЊі CPU 72%, сЃАсЃбсЃф 39%
2025-09-18 15:07:04,048 - INFO - ­Ъј» жђ▓ТЇЌ: 24,000/100,000 (24.0%) | 76/sec | Т«Ісѓі16.7тѕє
2025-09-18 15:07:04,048 - INFO - ­ЪЊі CPU 68%, сЃАсЃбсЃф 39%
2025-09-18 15:07:09,055 - INFO - ­Ъј» жђ▓ТЇЌ: 24,000/100,000 (24.0%) | 75/sec | Т«Ісѓі16.9тѕє
2025-09-18 15:07:09,056 - INFO - ­ЪЊі CPU 68%, сЃАсЃбсЃф 39%
2025-09-18 15:07:17,706 - INFO - ­Ъј» жђ▓ТЇЌ: 24,000/100,000 (24.0%) | 73/sec | Т«Ісѓі17.4тѕє
2025-09-18 15:07:17,706 - INFO - ­ЪЊі CPU 80%, сЃАсЃбсЃф 39%
2025-09-18 15:07:22,712 - INFO - ­Ъј» жђ▓ТЇЌ: 24,000/100,000 (24.0%) | 72/sec | Т«Ісѓі17.7тѕє
2025-09-18 15:07:22,713 - INFO - ­ЪЊі CPU 78%, сЃАсЃбсЃф 39%
2025-09-18 15:07:26,899 - INFO - РџА Worker-9: 3,000/8,333 (9/sec)
2025-09-18 15:07:27,724 - INFO - ­Ъј» жђ▓ТЇЌ: 25,000/100,000 (25.0%) | 74/sec | Т«Ісѓі17.0тѕє
2025-09-18 15:07:27,724 - INFO - ­ЪЊі CPU 70%, сЃАсЃбсЃф 39%
2025-09-18 15:07:29,825 - INFO - РџА Worker-1: 3,000/8,333 (9/sec)
2025-09-18 15:07:30,273 - INFO - РџА Worker-3: 3,000/8,333 (9/sec)
2025-09-18 15:07:32,736 - INFO - ­Ъј» жђ▓ТЇЌ: 27,000/100,000 (27.0%) | 78/sec | Т«Ісѓі15.5тѕє
2025-09-18 15:07:32,736 - INFO - ­ЪЊі CPU 71%, сЃАсЃбсЃф 39%
2025-09-18 15:07:37,858 - INFO - ­Ъј» жђ▓ТЇЌ: 27,000/100,000 (27.0%) | 77/sec | Т«Ісѓі15.8тѕє
2025-09-18 15:07:37,858 - INFO - ­ЪЊі CPU 72%, сЃАсЃбсЃф 39%
2025-09-18 15:07:42,860 - INFO - ­Ъј» жђ▓ТЇЌ: 27,000/100,000 (27.0%) | 76/sec | Т«Ісѓі16.0тѕє
2025-09-18 15:07:42,861 - INFO - ­ЪЊі CPU 80%, сЃАсЃбсЃф 39%
2025-09-18 15:07:43,780 - INFO - РџА Worker-8: 3,000/8,333 (9/sec)
2025-09-18 15:07:47,880 - INFO - ­Ъј» жђ▓ТЇЌ: 28,000/100,000 (28.0%) | 78/sec | Т«Ісѓі15.4тѕє
2025-09-18 15:07:47,881 - INFO - ­ЪЊі CPU 78%, сЃАсЃбсЃф 39%
2025-09-18 15:07:56,489 - INFO - ­Ъј» жђ▓ТЇЌ: 28,000/100,000 (28.0%) | 76/sec | Т«Ісѓі15.8тѕє
2025-09-18 15:07:56,489 - INFO - ­ЪЊі CPU 70%, сЃАсЃбсЃф 39%
2025-09-18 15:07:59,384 - INFO - РџА Worker-11: 3,000/8,333 (8/sec)
2025-09-18 15:08:00,232 - INFO - РџА Worker-4: 3,000/8,333 (8/sec)
2025-09-18 15:08:01,492 - INFO - ­Ъј» жђ▓ТЇЌ: 30,000/100,000 (30.0%) | 80/sec | Т«Ісѓі14.5тѕє
2025-09-18 15:08:01,493 - INFO - ­ЪЊі CPU 72%, сЃАсЃбсЃф 39%
2025-09-18 15:08:03,781 - INFO - РџА Worker-5: 3,000/8,333 (8/sec)
2025-09-18 15:08:04,755 - INFO - РџА Worker-7: 3,000/8,333 (8/sec)
2025-09-18 15:08:06,497 - INFO - ­Ъј» жђ▓ТЇЌ: 32,000/100,000 (32.0%) | 85/sec | Т«Ісѓі13.4тѕє
2025-09-18 15:08:06,517 - INFO - ­ЪЊі CPU 70%, сЃАсЃбсЃф 39%
2025-09-18 15:08:08,101 - INFO - РџА Worker-10: 3,000/8,333 (8/sec)
2025-09-18 15:08:08,970 - INFO - РџА Worker-0: 3,000/8,333 (8/sec)
2025-09-18 15:08:09,166 - INFO - РџА Worker-2: 3,000/8,333 (8/sec)
2025-09-18 15:08:11,524 - INFO - ­Ъј» жђ▓ТЇЌ: 35,000/100,000 (35.0%) | 91/sec | Т«Ісѓі11.9тѕє
2025-09-18 15:08:11,525 - INFO - ­ЪЊі CPU 72%, сЃАсЃбсЃф 39%
2025-09-18 15:08:16,528 - INFO - ­Ъј» жђ▓ТЇЌ: 35,000/100,000 (35.0%) | 90/sec | Т«Ісѓі12.0тѕє
2025-09-18 15:08:16,540 - INFO - ­ЪЊі CPU 72%, сЃАсЃбсЃф 39%
2025-09-18 15:08:18,706 - INFO - РџА Worker-6: 3,000/8,333 (8/sec)
2025-09-18 15:08:21,548 - INFO - ­Ъј» жђ▓ТЇЌ: 36,000/100,000 (36.0%) | 91/sec | Т«Ісѓі11.7тѕє
2025-09-18 15:08:21,549 - INFO - ­ЪЊі CPU 72%, сЃАсЃбсЃф 39%
2025-09-18 15:08:30,177 - INFO - ­Ъј» жђ▓ТЇЌ: 36,000/100,000 (36.0%) | 90/sec | Т«Ісѓі11.9тѕє
2025-09-18 15:08:30,195 - INFO - ­ЪЊі CPU 72%, сЃАсЃбсЃф 39%
2025-09-18 15:08:35,274 - INFO - ­Ъј» жђ▓ТЇЌ: 36,000/100,000 (36.0%) | 88/sec | Т«Ісѓі12.1тѕє
2025-09-18 15:08:35,274 - INFO - ­ЪЊі CPU 75%, сЃАсЃбсЃф 39%
2025-09-18 15:08:40,283 - INFO - ­Ъј» жђ▓ТЇЌ: 36,000/100,000 (36.0%) | 87/sec | Т«Ісѓі12.2тѕє
2025-09-18 15:08:40,287 - INFO - ­ЪЊі CPU 83%, сЃАсЃбсЃф 39%
2025-09-18 15:08:45,288 - INFO - ­Ъј» жђ▓ТЇЌ: 36,000/100,000 (36.0%) | 86/sec | Т«Ісѓі12.4тѕє
2025-09-18 15:08:45,299 - INFO - ­ЪЊі CPU 73%, сЃАсЃбсЃф 39%
2025-09-18 15:08:50,305 - INFO - ­Ъј» жђ▓ТЇЌ: 36,000/100,000 (36.0%) | 85/sec | Т«Ісѓі12.5тѕє
2025-09-18 15:08:50,305 - INFO - ­ЪЊі CPU 73%, сЃАсЃбсЃф 39%
2025-09-18 15:08:55,312 - INFO - ­Ъј» жђ▓ТЇЌ: 36,000/100,000 (36.0%) | 84/sec | Т«Ісѓі12.7тѕє
2025-09-18 15:08:55,367 - INFO - ­ЪЊі CPU 75%, сЃАсЃбсЃф 40%
2025-09-18 15:08:58,513 - INFO - РџА Worker-9: 4,000/8,333 (10/sec)
2025-09-18 15:08:59,051 - INFO - РџА Worker-1: 4,000/8,333 (9/sec)
2025-09-18 15:09:00,372 - INFO - ­Ъј» жђ▓ТЇЌ: 38,000/100,000 (38.0%) | 88/sec | Т«Ісѓі11.8тѕє
2025-09-18 15:09:00,373 - INFO - ­ЪЊі CPU 91%, сЃАсЃбсЃф 40%
2025-09-18 15:09:08,972 - INFO - ­Ъј» жђ▓ТЇЌ: 38,000/100,000 (38.0%) | 86/sec | Т«Ісѓі12.0тѕє
2025-09-18 15:09:08,973 - INFO - ­ЪЊі CPU 92%, сЃАсЃбсЃф 40%
2025-09-18 15:09:13,976 - INFO - ­Ъј» жђ▓ТЇЌ: 38,000/100,000 (38.0%) | 85/sec | Т«Ісѓі12.1тѕє
2025-09-18 15:09:13,977 - INFO - ­ЪЊі CPU 87%, сЃАсЃбсЃф 40%
2025-09-18 15:09:14,805 - INFO - РџА Worker-3: 4,000/8,333 (9/sec)
2025-09-18 15:09:18,013 - INFO - РџА Worker-8: 4,000/8,333 (9/sec)
2025-09-18 15:09:18,983 - INFO - ­Ъј» жђ▓ТЇЌ: 40,000/100,000 (40.0%) | 89/sec | Т«Ісѓі11.3тѕє
2025-09-18 15:09:18,985 - INFO - ­ЪЊі CPU 78%, сЃАсЃбсЃф 40%
2025-09-18 15:09:23,988 - INFO - ­Ъј» жђ▓ТЇЌ: 40,000/100,000 (40.0%) | 88/sec | Т«Ісѓі11.4тѕє
2025-09-18 15:09:23,988 - INFO - ­ЪЊі CPU 79%, сЃАсЃбсЃф 40%
2025-09-18 15:09:28,811 - INFO - РџА Worker-4: 4,000/8,333 (9/sec)
2025-09-18 15:09:29,047 - INFO - ­Ъј» жђ▓ТЇЌ: 41,000/100,000 (41.0%) | 89/sec | Т«Ісѓі11.1тѕє
2025-09-18 15:09:29,047 - INFO - ­ЪЊі CPU 78%, сЃАсЃбсЃф 40%
2025-09-18 15:09:31,921 - INFO - РџА Worker-11: 4,000/8,333 (9/sec)
2025-09-18 15:09:32,445 - INFO - РџА Worker-7: 4,000/8,333 (9/sec)
2025-09-18 15:09:34,052 - INFO - ­Ъј» жђ▓ТЇЌ: 43,000/100,000 (43.0%) | 92/sec | Т«Ісѓі10.3тѕє
2025-09-18 15:09:34,053 - INFO - ­ЪЊі CPU 83%, сЃАсЃбсЃф 40%
2025-09-18 15:09:34,115 - INFO - РџА Worker-0: 4,000/8,333 (9/sec)
2025-09-18 15:09:34,863 - INFO - РџА Worker-5: 4,000/8,333 (9/sec)
2025-09-18 15:09:35,465 - INFO - РџА Worker-2: 4,000/8,333 (9/sec)
2025-09-18 15:09:42,439 - INFO - РџА Worker-10: 4,000/8,333 (9/sec)
2025-09-18 15:09:42,668 - INFO - ­Ъј» жђ▓ТЇЌ: 47,000/100,000 (47.0%) | 99/sec | Т«Ісѓі8.9тѕє
2025-09-18 15:09:42,668 - INFO - ­ЪЊі CPU 94%, сЃАсЃбсЃф 41%
2025-09-18 15:09:47,674 - INFO - ­Ъј» жђ▓ТЇЌ: 47,000/100,000 (47.0%) | 98/sec | Т«Ісѓі9.0тѕє
2025-09-18 15:09:47,674 - INFO - ­ЪЊі CPU 85%, сЃАсЃбсЃф 41%
2025-09-18 15:09:51,873 - INFO - РџА Worker-6: 4,000/8,333 (8/sec)
2025-09-18 15:09:52,704 - INFO - ­Ъј» жђ▓ТЇЌ: 48,000/100,000 (48.0%) | 99/sec | Т«Ісѓі8.7тѕє
2025-09-18 15:09:52,704 - INFO - ­ЪЊі CPU 88%, сЃАсЃбсЃф 39%
2025-09-18 15:09:57,713 - INFO - ­Ъј» жђ▓ТЇЌ: 48,000/100,000 (48.0%) | 98/sec | Т«Ісѓі8.8тѕє
2025-09-18 15:09:57,713 - INFO - ­ЪЊі CPU 84%, сЃАсЃбсЃф 39%
2025-09-18 15:10:02,722 - INFO - ­Ъј» жђ▓ТЇЌ: 48,000/100,000 (48.0%) | 97/sec | Т«Ісѓі8.9тѕє
2025-09-18 15:10:02,734 - INFO - ­ЪЊі CPU 79%, сЃАсЃбсЃф 40%
2025-09-18 15:10:07,746 - INFO - ­Ъј» жђ▓ТЇЌ: 48,000/100,000 (48.0%) | 96/sec | Т«Ісѓі9.0тѕє
2025-09-18 15:10:07,746 - INFO - ­ЪЊі CPU 71%, сЃАсЃбсЃф 40%
2025-09-18 15:10:12,749 - INFO - ­Ъј» жђ▓ТЇЌ: 48,000/100,000 (48.0%) | 95/sec | Т«Ісѓі9.1тѕє
2025-09-18 15:10:12,765 - INFO - ­ЪЊі CPU 78%, сЃАсЃбсЃф 40%
2025-09-18 15:10:20,443 - INFO - РџА Worker-1: 5,000/8,333 (10/sec)
2025-09-18 15:10:21,261 - INFO - РџА Worker-9: 5,000/8,333 (10/sec)
2025-09-18 15:10:21,355 - INFO - ­Ъј» жђ▓ТЇЌ: 50,000/100,000 (50.0%) | 97/sec | Т«Ісѓі8.6тѕє
2025-09-18 15:10:21,355 - INFO - ­ЪЊі CPU 78%, сЃАсЃбсЃф 40%
2025-09-18 15:10:26,361 - INFO - ­Ъј» жђ▓ТЇЌ: 50,000/100,000 (50.0%) | 96/sec | Т«Ісѓі8.6тѕє
2025-09-18 15:10:26,398 - INFO - ­ЪЊі CPU 75%, сЃАсЃбсЃф 40%
2025-09-18 15:10:31,412 - INFO - ­Ъј» жђ▓ТЇЌ: 50,000/100,000 (50.0%) | 96/sec | Т«Ісѓі8.7тѕє
2025-09-18 15:10:31,412 - INFO - ­ЪЊі CPU 69%, сЃАсЃбсЃф 40%
2025-09-18 15:10:33,089 - INFO - РџА Worker-8: 5,000/8,333 (10/sec)
2025-09-18 15:10:34,631 - INFO - РџА Worker-3: 5,000/8,333 (10/sec)
2025-09-18 15:10:36,421 - INFO - ­Ъј» жђ▓ТЇЌ: 52,000/100,000 (52.0%) | 98/sec | Т«Ісѓі8.1тѕє
2025-09-18 15:10:36,423 - INFO - ­ЪЊі CPU 74%, сЃАсЃбсЃф 40%
2025-09-18 15:10:41,436 - INFO - ­Ъј» жђ▓ТЇЌ: 52,000/100,000 (52.0%) | 97/sec | Т«Ісѓі8.2тѕє
2025-09-18 15:10:41,436 - INFO - ­ЪЊі CPU 77%, сЃАсЃбсЃф 40%
2025-09-18 15:10:46,465 - INFO - ­Ъј» жђ▓ТЇЌ: 52,000/100,000 (52.0%) | 97/sec | Т«Ісѓі8.3тѕє
2025-09-18 15:10:46,465 - INFO - ­ЪЊі CPU 82%, сЃАсЃбсЃф 40%
2025-09-18 15:10:55,099 - INFO - ­Ъј» жђ▓ТЇЌ: 52,000/100,000 (52.0%) | 95/sec | Т«Ісѓі8.4тѕє
2025-09-18 15:10:55,099 - INFO - ­ЪЊі CPU 79%, сЃАсЃбсЃф 40%
2025-09-18 15:10:56,943 - INFO - РџА Worker-4: 5,000/8,333 (9/sec)
2025-09-18 15:11:00,123 - INFO - ­Ъј» жђ▓ТЇЌ: 53,000/100,000 (53.0%) | 96/sec | Т«Ісѓі8.2тѕє
2025-09-18 15:11:00,140 - INFO - ­ЪЊі CPU 81%, сЃАсЃбсЃф 40%
2025-09-18 15:11:00,515 - INFO - РџА Worker-7: 5,000/8,333 (9/sec)
2025-09-18 15:11:01,827 - INFO - РџА Worker-0: 5,000/8,333 (9/sec)
2025-09-18 15:11:02,251 - INFO - РџА Worker-11: 5,000/8,333 (9/sec)
2025-09-18 15:11:03,643 - INFO - РџА Worker-2: 5,000/8,333 (9/sec)
2025-09-18 15:11:04,332 - INFO - РџА Worker-5: 5,000/8,333 (9/sec)
2025-09-18 15:11:05,145 - INFO - ­Ъј» жђ▓ТЇЌ: 58,000/100,000 (58.0%) | 104/sec | Т«Ісѓі6.7тѕє
2025-09-18 15:11:05,145 - INFO - ­ЪЊі CPU 78%, сЃАсЃбсЃф 40%
2025-09-18 15:11:08,021 - INFO - РџА Worker-10: 5,000/8,333 (9/sec)
2025-09-18 15:11:10,147 - INFO - ­Ъј» жђ▓ТЇЌ: 59,000/100,000 (59.0%) | 105/sec | Т«Ісѓі6.5тѕє
2025-09-18 15:11:10,148 - INFO - ­ЪЊі CPU 79%, сЃАсЃбсЃф 40%
2025-09-18 15:11:12,372 - INFO - РџА Worker-6: 5,000/8,333 (9/sec)
2025-09-18 15:11:15,151 - INFO - ­Ъј» жђ▓ТЇЌ: 60,000/100,000 (60.0%) | 106/sec | Т«Ісѓі6.3тѕє
2025-09-18 15:11:15,151 - INFO - ­ЪЊі CPU 82%, сЃАсЃбсЃф 40%
2025-09-18 15:11:20,156 - INFO - ­Ъј» жђ▓ТЇЌ: 60,000/100,000 (60.0%) | 105/sec | Т«Ісѓі6.4тѕє
2025-09-18 15:11:20,157 - INFO - ­ЪЊі CPU 84%, сЃАсЃбсЃф 40%
2025-09-18 15:11:28,750 - INFO - ­Ъј» жђ▓ТЇЌ: 60,000/100,000 (60.0%) | 103/sec | Т«Ісѓі6.5тѕє
2025-09-18 15:11:28,750 - INFO - ­ЪЊі CPU 80%, сЃАсЃбсЃф 40%
2025-09-18 15:11:29,767 - INFO - РџА Worker-9: 6,000/8,333 (11/sec)
2025-09-18 15:11:31,316 - INFO - РџА Worker-1: 6,000/8,333 (10/sec)
2025-09-18 15:11:33,760 - INFO - ­Ъј» жђ▓ТЇЌ: 62,000/100,000 (62.0%) | 106/sec | Т«Ісѓі6.0тѕє
2025-09-18 15:11:33,760 - INFO - ­ЪЊі CPU 80%, сЃАсЃбсЃф 40%
2025-09-18 15:11:38,769 - INFO - ­Ъј» жђ▓ТЇЌ: 62,000/100,000 (62.0%) | 105/sec | Т«Ісѓі6.0тѕє
2025-09-18 15:11:38,770 - INFO - ­ЪЊі CPU 80%, сЃАсЃбсЃф 40%
2025-09-18 15:11:41,240 - INFO - РџА Worker-8: 6,000/8,333 (10/sec)
2025-09-18 15:11:42,617 - INFO - РџА Worker-3: 6,000/8,333 (10/sec)
2025-09-18 15:11:43,774 - INFO - ­Ъј» жђ▓ТЇЌ: 64,000/100,000 (64.0%) | 107/sec | Т«Ісѓі5.6тѕє
2025-09-18 15:11:43,775 - INFO - ­ЪЊі CPU 78%, сЃАсЃбсЃф 40%
2025-09-18 15:11:48,780 - INFO - ­Ъј» жђ▓ТЇЌ: 64,000/100,000 (64.0%) | 107/sec | Т«Ісѓі5.6тѕє
2025-09-18 15:11:48,781 - INFO - ­ЪЊі CPU 80%, сЃАсЃбсЃф 40%
2025-09-18 15:11:53,836 - INFO - ­Ъј» жђ▓ТЇЌ: 64,000/100,000 (64.0%) | 106/sec | Т«Ісѓі5.7тѕє
2025-09-18 15:11:53,836 - INFO - ­ЪЊі CPU 79%, сЃАсЃбсЃф 40%
2025-09-18 15:11:58,845 - INFO - ­Ъј» жђ▓ТЇЌ: 64,000/100,000 (64.0%) | 105/sec | Т«Ісѓі5.7тѕє
2025-09-18 15:11:58,847 - INFO - ­ЪЊі CPU 83%, сЃАсЃбсЃф 40%
2025-09-18 15:12:00,413 - INFO - РџА Worker-4: 6,000/8,333 (10/sec)
2025-09-18 15:12:06,462 - INFO - РџА Worker-0: 6,000/8,333 (10/sec)
2025-09-18 15:12:07,199 - INFO - РџА Worker-7: 6,000/8,333 (10/sec)
2025-09-18 15:12:07,461 - INFO - ­Ъј» жђ▓ТЇЌ: 67,000/100,000 (67.0%) | 108/sec | Т«Ісѓі5.1тѕє
2025-09-18 15:12:07,461 - INFO - ­ЪЊі CPU 77%, сЃАсЃбсЃф 40%
2025-09-18 15:12:09,348 - INFO - РџА Worker-2: 6,000/8,333 (10/sec)
2025-09-18 15:12:12,190 - INFO - РџА Worker-11: 6,000/8,333 (10/sec)
2025-09-18 15:12:12,476 - INFO - ­Ъј» жђ▓ТЇЌ: 69,000/100,000 (69.0%) | 111/sec | Т«Ісѓі4.7тѕє
2025-09-18 15:12:12,476 - INFO - ­ЪЊі CPU 75%, сЃАсЃбсЃф 40%
2025-09-18 15:12:14,042 - INFO - РџА Worker-5: 6,000/8,333 (10/sec)
2025-09-18 15:12:17,017 - INFO - РџА Worker-10: 6,000/8,333 (10/sec)
2025-09-18 15:12:17,478 - INFO - ­Ъј» жђ▓ТЇЌ: 71,000/100,000 (71.0%) | 113/sec | Т«Ісѓі4.3тѕє
2025-09-18 15:12:17,478 - INFO - ­ЪЊі CPU 80%, сЃАсЃбсЃф 40%
2025-09-18 15:12:20,516 - INFO - РџА Worker-6: 6,000/8,333 (10/sec)
2025-09-18 15:12:22,506 - INFO - ­Ъј» жђ▓ТЇЌ: 72,000/100,000 (72.0%) | 113/sec | Т«Ісѓі4.1тѕє
2025-09-18 15:12:22,506 - INFO - ­ЪЊі CPU 76%, сЃАсЃбсЃф 40%
2025-09-18 15:12:27,432 - INFO - РџА Worker-9: 7,000/8,333 (11/sec)
2025-09-18 15:12:27,512 - INFO - ­Ъј» жђ▓ТЇЌ: 73,000/100,000 (73.0%) | 114/sec | Т«Ісѓі3.9тѕє
2025-09-18 15:12:27,512 - INFO - ­ЪЊі CPU 77%, сЃАсЃбсЃф 40%
2025-09-18 15:12:28,876 - INFO - РџА Worker-1: 7,000/8,333 (11/sec)
2025-09-18 15:12:32,516 - INFO - ­Ъј» жђ▓ТЇЌ: 74,000/100,000 (74.0%) | 115/sec | Т«Ісѓі3.8тѕє
2025-09-18 15:12:32,517 - INFO - ­ЪЊі CPU 76%, сЃАсЃбсЃф 40%
2025-09-18 15:12:40,978 - INFO - РџА Worker-8: 7,000/8,333 (11/sec)
2025-09-18 15:12:41,105 - INFO - ­Ъј» жђ▓ТЇЌ: 75,000/100,000 (75.0%) | 115/sec | Т«Ісѓі3.6тѕє
2025-09-18 15:12:41,112 - INFO - ­ЪЊі CPU 78%, сЃАсЃбсЃф 40%
2025-09-18 15:12:42,442 - INFO - РџА Worker-3: 7,000/8,333 (11/sec)
2025-09-18 15:12:46,123 - INFO - ­Ъј» жђ▓ТЇЌ: 76,000/100,000 (76.0%) | 115/sec | Т«Ісѓі3.5тѕє
2025-09-18 15:12:46,125 - INFO - ­ЪЊі CPU 76%, сЃАсЃбсЃф 40%
2025-09-18 15:12:51,134 - INFO - ­Ъј» жђ▓ТЇЌ: 76,000/100,000 (76.0%) | 115/sec | Т«Ісѓі3.5тѕє
2025-09-18 15:12:51,135 - INFO - ­ЪЊі CPU 77%, сЃАсЃбсЃф 40%
2025-09-18 15:12:56,150 - INFO - ­Ъј» жђ▓ТЇЌ: 76,000/100,000 (76.0%) | 114/sec | Т«Ісѓі3.5тѕє
2025-09-18 15:12:56,150 - INFO - ­ЪЊі CPU 76%, сЃАсЃбсЃф 40%
2025-09-18 15:12:58,681 - INFO - РџА Worker-4: 7,000/8,333 (11/sec)
2025-09-18 15:13:01,156 - INFO - ­Ъј» жђ▓ТЇЌ: 77,000/100,000 (77.0%) | 114/sec | Т«Ісѓі3.4тѕє
2025-09-18 15:13:01,162 - INFO - ­ЪЊі CPU 77%, сЃАсЃбсЃф 40%
2025-09-18 15:13:02,143 - INFO - РџА Worker-0: 7,000/8,333 (11/sec)
2025-09-18 15:13:02,436 - INFO - РџА Worker-7: 7,000/8,333 (11/sec)
2025-09-18 15:13:04,638 - INFO - РџА Worker-2: 7,000/8,333 (10/sec)
2025-09-18 15:13:06,181 - INFO - ­Ъј» жђ▓ТЇЌ: 80,000/100,000 (80.0%) | 118/sec | Т«Ісѓі2.8тѕє
2025-09-18 15:13:06,181 - INFO - ­ЪЊі CPU 74%, сЃАсЃбсЃф 40%
2025-09-18 15:13:11,185 - INFO - ­Ъј» жђ▓ТЇЌ: 80,000/100,000 (80.0%) | 117/sec | Т«Ісѓі2.8тѕє
2025-09-18 15:13:11,196 - INFO - ­ЪЊі CPU 76%, сЃАсЃбсЃф 40%
2025-09-18 15:13:16,577 - INFO - РџА Worker-11: 7,000/8,333 (10/sec)
2025-09-18 15:13:19,792 - INFO - ­Ъј» жђ▓ТЇЌ: 81,000/100,000 (81.0%) | 117/sec | Т«Ісѓі2.7тѕє
2025-09-18 15:13:19,793 - INFO - ­ЪЊі CPU 75%, сЃАсЃбсЃф 40%
2025-09-18 15:13:21,592 - INFO - РџА Worker-5: 7,000/8,333 (10/sec)
2025-09-18 15:13:23,596 - INFO - РџА Worker-10: 7,000/8,333 (10/sec)
2025-09-18 15:13:24,798 - INFO - ­Ъј» жђ▓ТЇЌ: 83,000/100,000 (83.0%) | 119/sec | Т«Ісѓі2.4тѕє
2025-09-18 15:13:24,799 - INFO - ­ЪЊі CPU 75%, сЃАсЃбсЃф 40%
2025-09-18 15:13:27,926 - INFO - РџА Worker-6: 7,000/8,333 (10/sec)
2025-09-18 15:13:29,224 - INFO - РџА Worker-9: 8,000/8,333 (12/sec)
2025-09-18 15:13:29,805 - INFO - ­Ъј» жђ▓ТЇЌ: 85,000/100,000 (85.0%) | 121/sec | Т«Ісѓі2.1тѕє
2025-09-18 15:13:29,828 - INFO - ­ЪЊі CPU 78%, сЃАсЃбсЃф 40%
2025-09-18 15:13:31,596 - INFO - РџА Worker-1: 8,000/8,333 (12/sec)
2025-09-18 15:13:34,846 - INFO - ­Ъј» жђ▓ТЇЌ: 86,000/100,000 (86.0%) | 122/sec | Т«Ісѓі1.9тѕє
2025-09-18 15:13:34,846 - INFO - ­ЪЊі CPU 77%, сЃАсЃбсЃф 40%
2025-09-18 15:13:39,853 - INFO - ­Ъј» жђ▓ТЇЌ: 86,000/100,000 (86.0%) | 121/sec | Т«Ісѓі1.9тѕє
2025-09-18 15:13:39,854 - INFO - ­ЪЊі CPU 77%, сЃАсЃбсЃф 40%
2025-09-18 15:13:44,253 - INFO - РџА Worker-8: 8,000/8,333 (11/sec)
2025-09-18 15:13:44,359 - INFO - РџА Worker-3: 8,000/8,333 (11/sec)
2025-09-18 15:13:44,856 - INFO - ­Ъј» жђ▓ТЇЌ: 88,000/100,000 (88.0%) | 123/sec | Т«Ісѓі1.6тѕє
2025-09-18 15:13:44,856 - INFO - ­ЪЊі CPU 77%, сЃАсЃбсЃф 40%
2025-09-18 15:13:48,172 - INFO - РюЁ Worker-9: т«їС║є (8,333ТѕљтіЪ, 12/sec)
2025-09-18 15:13:53,463 - INFO - ­Ъј» жђ▓ТЇЌ: 88,000/100,000 (88.0%) | 121/sec | Т«Ісѓі1.6тѕє
2025-09-18 15:13:53,463 - INFO - ­ЪЊі CPU 85%, сЃАсЃбсЃф 40%
2025-09-18 15:13:53,876 - INFO - РюЁ Worker-1: т«їС║є (8,333ТѕљтіЪ, 11/sec)
2025-09-18 15:13:58,467 - INFO - ­Ъј» жђ▓ТЇЌ: 88,000/100,000 (88.0%) | 120/sec | Т«Ісѓі1.7тѕє
2025-09-18 15:13:58,473 - INFO - ­ЪЊі CPU 76%, сЃАсЃбсЃф 38%
2025-09-18 15:14:03,497 - INFO - ­Ъј» жђ▓ТЇЌ: 88,000/100,000 (88.0%) | 120/sec | Т«Ісѓі1.7тѕє
2025-09-18 15:14:03,498 - INFO - ­ЪЊі CPU 76%, сЃАсЃбсЃф 39%
2025-09-18 15:14:08,503 - INFO - ­Ъј» жђ▓ТЇЌ: 88,000/100,000 (88.0%) | 119/sec | Т«Ісѓі1.7тѕє
2025-09-18 15:14:08,503 - INFO - ­ЪЊі CPU 74%, сЃАсЃбсЃф 39%
2025-09-18 15:14:11,571 - INFO - РюЁ Worker-8: т«їС║є (8,333ТѕљтіЪ, 11/sec)
2025-09-18 15:14:11,747 - INFO - РюЁ Worker-3: т«їС║є (8,333ТѕљтіЪ, 11/sec)
2025-09-18 15:14:13,514 - INFO - ­Ъј» жђ▓ТЇЌ: 88,000/100,000 (88.0%) | 118/sec | Т«Ісѓі1.7тѕє
2025-09-18 15:14:13,515 - INFO - ­ЪЊі CPU 73%, сЃАсЃбсЃф 36%
2025-09-18 15:14:15,531 - INFO - РџА Worker-4: 8,000/8,333 (11/sec)
2025-09-18 15:14:16,547 - INFO - РџА Worker-0: 8,000/8,333 (11/sec)
2025-09-18 15:14:16,927 - INFO - РџА Worker-7: 8,000/8,333 (11/sec)
2025-09-18 15:14:18,523 - INFO - ­Ъј» жђ▓ТЇЌ: 91,000/100,000 (91.0%) | 121/sec | Т«Ісѓі1.2тѕє
2025-09-18 15:14:18,523 - INFO - ­ЪЊі CPU 62%, сЃАсЃбсЃф 36%
2025-09-18 15:14:20,888 - INFO - РџА Worker-2: 8,000/8,333 (11/sec)
2025-09-18 15:14:23,527 - INFO - ­Ъј» жђ▓ТЇЌ: 92,000/100,000 (92.0%) | 122/sec | Т«Ісѓі1.1тѕє
2025-09-18 15:14:23,527 - INFO - ­ЪЊі CPU 62%, сЃАсЃбсЃф 36%
2025-09-18 15:14:29,529 - INFO - РџА Worker-11: 8,000/8,333 (11/sec)
2025-09-18 15:14:32,130 - INFO - ­Ъј» жђ▓ТЇЌ: 93,000/100,000 (93.0%) | 122/sec | Т«Ісѓі1.0тѕє
2025-09-18 15:14:32,130 - INFO - ­ЪЊі CPU 71%, сЃАсЃбсЃф 36%
2025-09-18 15:14:33,269 - INFO - РџА Worker-5: 8,000/8,333 (11/sec)
2025-09-18 15:14:33,705 - INFO - РџА Worker-10: 8,000/8,333 (11/sec)
2025-09-18 15:14:36,651 - INFO - РюЁ Worker-4: т«їС║є (8,333ТѕљтіЪ, 11/sec)
2025-09-18 15:14:36,864 - INFO - РюЁ Worker-7: т«їС║є (8,333ТѕљтіЪ, 11/sec)
2025-09-18 15:14:37,137 - INFO - ­Ъј» жђ▓ТЇЌ: 95,000/100,000 (95.0%) | 124/sec | Т«Ісѓі0.7тѕє
2025-09-18 15:14:37,138 - INFO - ­ЪЊі CPU 73%, сЃАсЃбсЃф 35%
2025-09-18 15:14:37,221 - INFO - РюЁ Worker-0: т«їС║є (8,333ТѕљтіЪ, 11/sec)
2025-09-18 15:14:37,773 - INFO - РџА Worker-6: 8,000/8,333 (11/sec)
2025-09-18 15:14:39,028 - INFO - РюЁ Worker-2: т«їС║є (8,333ТѕљтіЪ, 11/sec)
2025-09-18 15:14:41,772 - INFO - РюЁ Worker-11: т«їС║є (8,333ТѕљтіЪ, 11/sec)
2025-09-18 15:14:42,141 - INFO - ­Ъј» жђ▓ТЇЌ: 96,000/100,000 (96.0%) | 124/sec | Т«Ісѓі0.5тѕє
2025-09-18 15:14:42,142 - INFO - ­ЪЊі CPU 68%, сЃАсЃбсЃф 32%
2025-09-18 15:14:44,365 - INFO - РюЁ Worker-10: т«їС║є (8,333ТѕљтіЪ, 11/sec)
2025-09-18 15:14:44,504 - INFO - РюЁ Worker-5: т«їС║є (8,333ТѕљтіЪ, 11/sec)
2025-09-18 15:14:45,827 - INFO - РюЁ Worker-6: т«їС║є (8,333ТѕљтіЪ, 11/sec)
2025-09-18 15:14:45,993 - INFO - ================================================================================
2025-09-18 15:14:45,993 - INFO - ­Ъј» сѓдсЃФсЃѕсЃЕтцДУдЈТеАсѓ»сЃфсЃЃсѓ»т«їС║є
2025-09-18 15:14:45,993 - INFO - ­ЪЊі уЏ«ТеЎ: 100,000
2025-09-18 15:14:45,993 - INFO - РюЁ ТѕљтіЪ: 99,996
2025-09-18 15:14:45,993 - INFO - РЮї тц▒ТЋЌ: 0
2025-09-18 15:14:45,993 - INFO - ­ЪЊѕ ТѕљтіЪујЄ: 100.0%
2025-09-18 15:14:45,993 - INFO - РџА жђЪт║д: 129 clicks/sec
2025-09-18 15:14:45,994 - INFO - РЈ▒№ИЈ ТЎѓжќЊ: 777.9уДњ (13.0тѕє)
2025-09-18 15:14:45,994 - INFO - ­ЪЉЦ сЃ»сЃ╝сѓФсЃ╝: 12
2025-09-18 15:14:45,994 - INFO - ================================================================================
