2025-09-17 16:57:00,491 - INFO - Web Clicker AI Agent - テスト開始
2025-09-17 16:57:00,491 - INFO - 
============================================================
2025-09-17 16:57:00,491 - INFO - 実行中: クリック精度
2025-09-17 16:57:00,491 - INFO - ============================================================
2025-09-17 16:57:00,491 - INFO - ====== WebDriver manager ======
2025-09-17 16:57:02,902 - INFO - Get LATEST chromedriver version for google-chrome
2025-09-17 16:57:02,903 - ERROR - クリック精度テスト失敗: 'NoneType' object has no attribute 'split'
2025-09-17 16:57:02,903 - INFO - 完了: クリック精度 - failure
2025-09-17 16:57:04,904 - INFO - 
============================================================
2025-09-17 16:57:04,905 - INFO - 実行中: スケーラビリティ
2025-09-17 16:57:04,905 - INFO - ============================================================
2025-09-17 16:57:04,906 - INFO - 並列実行完了: 0/3 成功
2025-09-17 16:57:04,906 - INFO - 完了: スケーラビリティ - partial
2025-09-17 16:57:06,908 - INFO - 
============================================================
2025-09-17 16:57:06,908 - INFO - 実行中: エラーリカバリ
2025-09-17 16:57:06,908 - INFO - ============================================================
2025-09-17 16:57:06,908 - INFO - ====== WebDriver manager ======
2025-09-17 16:57:08,018 - INFO - Get LATEST chromedriver version for google-chrome
2025-09-17 16:57:08,018 - ERROR - エラーリカバリテスト失敗: 'NoneType' object has no attribute 'split'
2025-09-17 16:57:08,018 - INFO - 完了: エラーリカバリ - failure
2025-09-17 16:57:10,020 - INFO - 
============================================================
2025-09-17 16:57:10,020 - INFO - 実行中: フォーム送信
2025-09-17 16:57:10,020 - INFO - ============================================================
2025-09-17 16:57:10,020 - INFO - ====== WebDriver manager ======
2025-09-17 16:57:10,560 - INFO - Get LATEST chromedriver version for google-chrome
2025-09-17 16:57:10,560 - ERROR - フォーム送信テスト失敗: 'NoneType' object has no attribute 'split'
2025-09-17 16:57:10,560 - INFO - 完了: フォーム送信 - failure
2025-09-17 16:57:12,562 - INFO - 
============================================================
2025-09-17 16:57:12,562 - INFO - 実行中: 最大アクセス数
2025-09-17 16:57:12,562 - INFO - ============================================================
2025-09-17 16:57:12,562 - INFO - 完了: 最大アクセス数 - failure
2025-09-17 16:57:17,502 - INFO - 
============================================================
2025-09-17 16:57:17,502 - INFO - 実行中: VPN互換性
2025-09-17 16:57:17,502 - INFO - ============================================================
2025-09-17 16:57:17,502 - INFO - ====== WebDriver manager ======
2025-09-17 16:57:17,910 - INFO - Get LATEST chromedriver version for google-chrome
2025-09-17 16:57:17,910 - INFO - 完了: VPN互換性 - failure
2025-09-17 16:57:19,913 - INFO - すべてのテスト完了。結果はtest_results.jsonに保存されました。
2025-09-17 17:08:15,625 - INFO - Web Clicker AI Agent - テスト開始
2025-09-17 17:08:15,625 - INFO - 
============================================================
2025-09-17 17:08:15,625 - INFO - 実行中: クリック精度
2025-09-17 17:08:15,625 - INFO - ============================================================
2025-09-17 17:08:15,625 - INFO - ====== WebDriver manager ======
2025-09-17 17:08:15,793 - INFO - Get LATEST chromedriver version for google-chrome
2025-09-17 17:08:15,833 - INFO - Get LATEST chromedriver version for google-chrome
2025-09-17 17:08:15,869 - INFO - There is no [linux64] chromedriver "140.0.7339.82" for browser google-chrome "140.0.7339" in cache
2025-09-17 17:08:15,869 - INFO - Get LATEST chromedriver version for google-chrome
2025-09-17 17:08:16,039 - INFO - WebDriver version 140.0.7339.82 selected
2025-09-17 17:08:16,044 - INFO - Modern chrome version https://storage.googleapis.com/chrome-for-testing-public/140.0.7339.82/linux64/chromedriver-linux64.zip
2025-09-17 17:08:16,044 - INFO - About to download new driver from https://storage.googleapis.com/chrome-for-testing-public/140.0.7339.82/linux64/chromedriver-linux64.zip
2025-09-17 17:08:16,128 - INFO - Driver downloading response is 200
2025-09-17 17:08:16,780 - INFO - Get LATEST chromedriver version for google-chrome
2025-09-17 17:08:17,074 - INFO - Driver has been saved in cache [/root/.wdm/drivers/chromedriver/linux64/140.0.7339.82]
2025-09-17 17:08:17,081 - ERROR - クリック精度テスト失敗: [Errno 8] Exec format error: '/root/.wdm/drivers/chromedriver/linux64/140.0.7339.82/chromedriver-linux64/THIRD_PARTY_NOTICES.chromedriver'
2025-09-17 17:08:17,081 - INFO - 完了: クリック精度 - failure
2025-09-17 17:08:19,083 - INFO - 
============================================================
2025-09-17 17:08:19,083 - INFO - 実行中: スケーラビリティ
2025-09-17 17:08:19,083 - INFO - ============================================================
2025-09-17 17:08:19,085 - INFO - 並列実行完了: 0/3 成功
2025-09-17 17:08:19,085 - INFO - 完了: スケーラビリティ - partial
2025-09-17 17:08:21,086 - INFO - 
============================================================
2025-09-17 17:08:21,086 - INFO - 実行中: エラーリカバリ
2025-09-17 17:08:21,087 - INFO - ============================================================
2025-09-17 17:08:21,087 - INFO - ====== WebDriver manager ======
2025-09-17 17:08:21,193 - INFO - Get LATEST chromedriver version for google-chrome
2025-09-17 17:08:21,316 - INFO - Get LATEST chromedriver version for google-chrome
2025-09-17 17:08:21,375 - INFO - Driver [/root/.wdm/drivers/chromedriver/linux64/140.0.7339.82/chromedriver-linux64/THIRD_PARTY_NOTICES.chromedriver] found in cache
2025-09-17 17:08:21,376 - ERROR - エラーリカバリテスト失敗: [Errno 8] Exec format error: '/root/.wdm/drivers/chromedriver/linux64/140.0.7339.82/chromedriver-linux64/THIRD_PARTY_NOTICES.chromedriver'
2025-09-17 17:08:21,377 - INFO - 完了: エラーリカバリ - failure
2025-09-17 17:08:23,379 - INFO - 
============================================================
2025-09-17 17:08:23,379 - INFO - 実行中: フォーム送信
2025-09-17 17:08:23,379 - INFO - ============================================================
2025-09-17 17:08:23,379 - INFO - ====== WebDriver manager ======
2025-09-17 17:08:23,562 - INFO - Get LATEST chromedriver version for google-chrome
2025-09-17 17:08:24,031 - INFO - Get LATEST chromedriver version for google-chrome
2025-09-17 17:08:24,580 - INFO - Driver [/root/.wdm/drivers/chromedriver/linux64/140.0.7339.82/chromedriver-linux64/THIRD_PARTY_NOTICES.chromedriver] found in cache
2025-09-17 17:08:24,615 - ERROR - フォーム送信テスト失敗: [Errno 8] Exec format error: '/root/.wdm/drivers/chromedriver/linux64/140.0.7339.82/chromedriver-linux64/THIRD_PARTY_NOTICES.chromedriver'
2025-09-17 17:08:24,615 - INFO - 完了: フォーム送信 - failure
2025-09-17 17:08:29,579 - INFO - 
============================================================
2025-09-17 17:08:29,580 - INFO - 実行中: 最大アクセス数
2025-09-17 17:08:29,580 - INFO - ============================================================
2025-09-17 17:08:29,580 - INFO - 完了: 最大アクセス数 - failure
2025-09-17 17:08:31,581 - INFO - 
============================================================
2025-09-17 17:08:31,581 - INFO - 実行中: VPN互換性
2025-09-17 17:08:31,581 - INFO - ============================================================
2025-09-17 17:08:31,582 - INFO - ====== WebDriver manager ======
2025-09-17 17:08:31,712 - INFO - Get LATEST chromedriver version for google-chrome
2025-09-17 17:08:32,046 - INFO - Get LATEST chromedriver version for google-chrome
2025-09-17 17:08:32,409 - INFO - Driver [/root/.wdm/drivers/chromedriver/linux64/140.0.7339.82/chromedriver-linux64/THIRD_PARTY_NOTICES.chromedriver] found in cache
2025-09-17 17:08:32,473 - INFO - 完了: VPN互換性 - failure
2025-09-17 17:08:34,474 - INFO - すべてのテスト完了。結果はtest_results.jsonに保存されました。
2025-09-17 17:26:23,408 - INFO - Web Clicker AI Agent - テスト開始
2025-09-17 17:26:23,409 - INFO - 
============================================================
2025-09-17 17:26:23,409 - INFO - 実行中: クリック精度
2025-09-17 17:26:23,409 - INFO - ============================================================
2025-09-17 17:26:23,409 - INFO - ====== WebDriver manager ======
2025-09-17 17:26:23,504 - INFO - Get LATEST chromedriver version for google-chrome
2025-09-17 17:26:23,568 - INFO - Get LATEST chromedriver version for google-chrome
2025-09-17 17:26:23,609 - INFO - Driver [/root/.wdm/drivers/chromedriver/linux64/140.0.7339.82/chromedriver-linux64/THIRD_PARTY_NOTICES.chromedriver] found in cache
2025-09-17 17:26:41,746 - INFO - クリック精度: 33.33%
2025-09-17 17:26:41,845 - INFO - 完了: クリック精度 - partial
2025-09-17 17:26:43,847 - INFO - 
============================================================
2025-09-17 17:26:43,847 - INFO - 実行中: スケーラビリティ
2025-09-17 17:26:43,847 - INFO - ============================================================
2025-09-17 17:26:43,847 - INFO - ====== WebDriver manager ======
2025-09-17 17:26:43,848 - INFO - ====== WebDriver manager ======
2025-09-17 17:26:43,848 - INFO - ====== WebDriver manager ======
2025-09-17 17:26:44,018 - INFO - Get LATEST chromedriver version for google-chrome
2025-09-17 17:26:44,057 - INFO - Get LATEST chromedriver version for google-chrome
2025-09-17 17:26:44,065 - INFO - Get LATEST chromedriver version for google-chrome
2025-09-17 17:26:44,138 - INFO - Get LATEST chromedriver version for google-chrome
2025-09-17 17:26:44,206 - INFO - Get LATEST chromedriver version for google-chrome
2025-09-17 17:26:44,218 - INFO - Get LATEST chromedriver version for google-chrome
2025-09-17 17:26:44,233 - INFO - Driver [/root/.wdm/drivers/chromedriver/linux64/140.0.7339.82/chromedriver-linux64/THIRD_PARTY_NOTICES.chromedriver] found in cache
2025-09-17 17:26:44,262 - INFO - Driver [/root/.wdm/drivers/chromedriver/linux64/140.0.7339.82/chromedriver-linux64/THIRD_PARTY_NOTICES.chromedriver] found in cache
2025-09-17 17:26:44,264 - INFO - Driver [/root/.wdm/drivers/chromedriver/linux64/140.0.7339.82/chromedriver-linux64/THIRD_PARTY_NOTICES.chromedriver] found in cache
2025-09-17 17:26:54,127 - INFO - 並列実行完了: 3/3 成功
2025-09-17 17:26:54,127 - INFO - 完了: スケーラビリティ - success
2025-09-17 17:26:56,129 - INFO - 
============================================================
2025-09-17 17:26:56,129 - INFO - 実行中: エラーリカバリ
2025-09-17 17:26:56,129 - INFO - ============================================================
2025-09-17 17:26:56,129 - INFO - ====== WebDriver manager ======
2025-09-17 17:26:56,229 - INFO - Get LATEST chromedriver version for google-chrome
2025-09-17 17:26:56,427 - INFO - Get LATEST chromedriver version for google-chrome
2025-09-17 17:26:56,494 - INFO - Driver [/root/.wdm/drivers/chromedriver/linux64/140.0.7339.82/chromedriver-linux64/THIRD_PARTY_NOTICES.chromedriver] found in cache
2025-09-17 17:27:01,468 - WARNING - クリック失敗 (試行 1/3): Message: 
Stacktrace:
#0 0x5f181531794a <unknown>
#1 0x5f1814d8c8a0 <unknown>
#2 0x5f1814dde540 <unknown>
#3 0x5f1814dde731 <unknown>
#4 0x5f1814e2c824 <unknown>
#5 0x5f1814e0405d <unknown>
#6 0x5f1814e29c23 <unknown>
#7 0x5f1814e03e03 <unknown>
#8 0x5f1814dd0968 <unknown>
#9 0x5f1814dd15e1 <unknown>
#10 0x5f18152db548 <unknown>
#11 0x5f18152df272 <unknown>
#12 0x5f18152c2313 <unknown>
#13 0x5f18152dfdc5 <unknown>
#14 0x5f18152a749f <unknown>
#15 0x5f1815304158 <unknown>
#16 0x5f1815304332 <unknown>
#17 0x5f1815316a53 <unknown>
#18 0x72824b294ac3 <unknown>

2025-09-17 17:27:03,477 - ERROR - エラーリカバリテスト失敗: Message: invalid session id: session deleted as the browser has closed the connection
from disconnected: not connected to DevTools
  (Session info: chrome=140.0.7339.127)
Stacktrace:
#0 0x5f181531794a <unknown>
#1 0x5f1814d8c8a0 <unknown>
#2 0x5f1814d7395e <unknown>
#3 0x5f1814d9b3e9 <unknown>
#4 0x5f1814e0c3cf <unknown>
#5 0x5f1814e295cc <unknown>
#6 0x5f1814e03e03 <unknown>
#7 0x5f1814dd0968 <unknown>
#8 0x5f1814dd15e1 <unknown>
#9 0x5f18152db548 <unknown>
#10 0x5f18152df272 <unknown>
#11 0x5f18152c2313 <unknown>
#12 0x5f18152dfdc5 <unknown>
#13 0x5f18152a749f <unknown>
#14 0x5f1815304158 <unknown>
#15 0x5f1815304332 <unknown>
#16 0x5f1815316a53 <unknown>
#17 0x72824b294ac3 <unknown>

2025-09-17 17:27:03,497 - INFO - 完了: エラーリカバリ - failure
2025-09-17 17:27:05,499 - INFO - 
============================================================
2025-09-17 17:27:05,500 - INFO - 実行中: フォーム送信
2025-09-17 17:27:05,500 - INFO - ============================================================
2025-09-17 17:27:05,500 - INFO - ====== WebDriver manager ======
2025-09-17 17:27:05,575 - INFO - Get LATEST chromedriver version for google-chrome
2025-09-17 17:27:05,611 - INFO - Get LATEST chromedriver version for google-chrome
2025-09-17 17:27:05,653 - INFO - Driver [/root/.wdm/drivers/chromedriver/linux64/140.0.7339.82/chromedriver-linux64/THIRD_PARTY_NOTICES.chromedriver] found in cache
2025-09-17 17:27:11,131 - ERROR - フォーム入力エラー: Message: no such window: target window already closed
from unknown error: web view not found
  (Session info: chrome=140.0.7339.127)
Stacktrace:
#0 0x56ede9d1594a <unknown>
#1 0x56ede978a8a0 <unknown>
#2 0x56ede975fc90 <unknown>
#3 0x56ede980a1c8 <unknown>
#4 0x56ede98275cc <unknown>
#5 0x56ede9801e03 <unknown>
#6 0x56ede97ce968 <unknown>
#7 0x56ede97cf5e1 <unknown>
#8 0x56ede9cd9548 <unknown>
#9 0x56ede9cdd272 <unknown>
#10 0x56ede9cc0313 <unknown>
#11 0x56ede9cdddc5 <unknown>
#12 0x56ede9ca549f <unknown>
#13 0x56ede9d02158 <unknown>
#14 0x56ede9d02332 <unknown>
#15 0x56ede9d14a53 <unknown>
#16 0x7c8636a94ac3 <unknown>

2025-09-17 17:27:11,131 - INFO - フォーム送信テスト: 部分的成功
2025-09-17 17:27:11,154 - INFO - 完了: フォーム送信 - partial
2025-09-17 17:27:16,085 - INFO - 
============================================================
2025-09-17 17:27:16,086 - INFO - 実行中: 最大アクセス数
2025-09-17 17:27:16,086 - INFO - ============================================================
2025-09-17 17:27:16,086 - INFO - ====== WebDriver manager ======
2025-09-17 17:27:16,185 - INFO - Get LATEST chromedriver version for google-chrome
2025-09-17 17:27:16,221 - INFO - Get LATEST chromedriver version for google-chrome
2025-09-17 17:27:16,254 - INFO - Driver [/root/.wdm/drivers/chromedriver/linux64/140.0.7339.82/chromedriver-linux64/THIRD_PARTY_NOTICES.chromedriver] found in cache
2025-09-17 17:27:22,275 - INFO - 推定1日最大アクセス数: 41,884
2025-09-17 17:27:22,342 - INFO - 完了: 最大アクセス数 - success
2025-09-17 17:27:24,343 - INFO - 
============================================================
2025-09-17 17:27:24,343 - INFO - 実行中: VPN互換性
2025-09-17 17:27:24,343 - INFO - ============================================================
2025-09-17 17:27:24,344 - INFO - ====== WebDriver manager ======
2025-09-17 17:27:24,415 - INFO - Get LATEST chromedriver version for google-chrome
2025-09-17 17:27:24,543 - INFO - Get LATEST chromedriver version for google-chrome
2025-09-17 17:27:24,676 - INFO - Driver [/root/.wdm/drivers/chromedriver/linux64/140.0.7339.82/chromedriver-linux64/THIRD_PARTY_NOTICES.chromedriver] found in cache
2025-09-17 17:27:30,051 - INFO - 完了: VPN互換性 - failure
2025-09-17 17:27:32,055 - INFO - すべてのテスト完了。結果はtest_results.jsonに保存されました。
